mode: set
github.com/Muhammadkhon0/wallet/pkg/wallet/service.go:24.78,25.37 1 1
github.com/Muhammadkhon0/wallet/pkg/wallet/service.go:30.2,37.21 4 1
github.com/Muhammadkhon0/wallet/pkg/wallet/service.go:25.37,26.29 1 1
github.com/Muhammadkhon0/wallet/pkg/wallet/service.go:26.29,28.4 1 1
github.com/Muhammadkhon0/wallet/pkg/wallet/service.go:40.70,41.17 1 1
github.com/Muhammadkhon0/wallet/pkg/wallet/service.go:44.2,45.33 2 1
github.com/Muhammadkhon0/wallet/pkg/wallet/service.go:52.2,52.20 1 1
github.com/Muhammadkhon0/wallet/pkg/wallet/service.go:56.2,57.12 2 1
github.com/Muhammadkhon0/wallet/pkg/wallet/service.go:41.17,43.3 1 1
github.com/Muhammadkhon0/wallet/pkg/wallet/service.go:45.33,46.26 1 1
github.com/Muhammadkhon0/wallet/pkg/wallet/service.go:46.26,48.9 2 1
github.com/Muhammadkhon0/wallet/pkg/wallet/service.go:52.20,54.3 1 1
github.com/Muhammadkhon0/wallet/pkg/wallet/service.go:60.116,61.17 1 1
github.com/Muhammadkhon0/wallet/pkg/wallet/service.go:65.2,66.16 2 1
github.com/Muhammadkhon0/wallet/pkg/wallet/service.go:70.2,70.30 1 1
github.com/Muhammadkhon0/wallet/pkg/wallet/service.go:74.2,85.21 5 1
github.com/Muhammadkhon0/wallet/pkg/wallet/service.go:61.17,63.3 1 0
github.com/Muhammadkhon0/wallet/pkg/wallet/service.go:66.16,68.3 1 1
github.com/Muhammadkhon0/wallet/pkg/wallet/service.go:70.30,72.3 1 1
github.com/Muhammadkhon0/wallet/pkg/wallet/service.go:88.76,89.37 1 1
github.com/Muhammadkhon0/wallet/pkg/wallet/service.go:94.2,94.32 1 1
github.com/Muhammadkhon0/wallet/pkg/wallet/service.go:89.37,90.30 1 1
github.com/Muhammadkhon0/wallet/pkg/wallet/service.go:90.30,92.4 1 1
github.com/Muhammadkhon0/wallet/pkg/wallet/service.go:97.77,98.37 1 1
github.com/Muhammadkhon0/wallet/pkg/wallet/service.go:103.2,103.32 1 1
github.com/Muhammadkhon0/wallet/pkg/wallet/service.go:98.37,99.30 1 1
github.com/Muhammadkhon0/wallet/pkg/wallet/service.go:99.30,101.4 1 1
github.com/Muhammadkhon0/wallet/pkg/wallet/service.go:106.50,108.16 2 1
github.com/Muhammadkhon0/wallet/pkg/wallet/service.go:112.2,113.15 2 1
github.com/Muhammadkhon0/wallet/pkg/wallet/service.go:117.2,120.12 3 1
github.com/Muhammadkhon0/wallet/pkg/wallet/service.go:108.16,110.3 1 1
github.com/Muhammadkhon0/wallet/pkg/wallet/service.go:113.15,115.3 1 0
github.com/Muhammadkhon0/wallet/pkg/wallet/service.go:123.105,125.16 2 1
github.com/Muhammadkhon0/wallet/pkg/wallet/service.go:129.2,130.16 2 1
github.com/Muhammadkhon0/wallet/pkg/wallet/service.go:133.2,133.21 1 1
github.com/Muhammadkhon0/wallet/pkg/wallet/service.go:125.16,127.3 1 0
github.com/Muhammadkhon0/wallet/pkg/wallet/service.go:130.16,132.3 1 0
github.com/Muhammadkhon0/wallet/pkg/wallet/service.go:136.68,138.16 2 1
github.com/Muhammadkhon0/wallet/pkg/wallet/service.go:142.2,143.16 2 1
github.com/Muhammadkhon0/wallet/pkg/wallet/service.go:147.2,147.24 1 1
github.com/Muhammadkhon0/wallet/pkg/wallet/service.go:138.16,140.3 1 0
github.com/Muhammadkhon0/wallet/pkg/wallet/service.go:143.16,145.3 1 0
github.com/Muhammadkhon0/wallet/pkg/wallet/service.go:150.91,152.16 2 1
github.com/Muhammadkhon0/wallet/pkg/wallet/service.go:156.2,164.22 3 1
github.com/Muhammadkhon0/wallet/pkg/wallet/service.go:152.16,154.3 1 0
github.com/Muhammadkhon0/wallet/pkg/wallet/service.go:167.78,169.16 2 1
github.com/Muhammadkhon0/wallet/pkg/wallet/service.go:173.2,174.16 2 1
github.com/Muhammadkhon0/wallet/pkg/wallet/service.go:177.2,177.21 1 1
github.com/Muhammadkhon0/wallet/pkg/wallet/service.go:169.16,171.3 1 0
github.com/Muhammadkhon0/wallet/pkg/wallet/service.go:174.16,176.3 1 0
github.com/Muhammadkhon0/wallet/pkg/wallet/service.go:180.80,181.39 1 1
github.com/Muhammadkhon0/wallet/pkg/wallet/service.go:186.2,186.33 1 1
github.com/Muhammadkhon0/wallet/pkg/wallet/service.go:181.39,182.32 1 1
github.com/Muhammadkhon0/wallet/pkg/wallet/service.go:182.32,184.4 1 1
